[debug] [2024-01-12T21:14:40.626Z] ----------------------------------------------------------------------
[debug] [2024-01-12T21:14:40.627Z] Command:       /home/tenzing/.nvm/versions/node/v18.18.2/bin/node /home/tenzing/.nvm/versions/node/v18.18.2/bin/firebase init
[debug] [2024-01-12T21:14:40.627Z] CLI Version:   13.0.3
[debug] [2024-01-12T21:14:40.627Z] Platform:      linux
[debug] [2024-01-12T21:14:40.627Z] Node Version:  v18.18.2
[debug] [2024-01-12T21:14:40.628Z] Time:          Fri Jan 12 2024 16:14:40 GMT-0500 (Eastern Standard Time)
[debug] [2024-01-12T21:14:40.628Z] ----------------------------------------------------------------------
[debug] 
[debug] [2024-01-12T21:14:40.630Z] > command requires scopes: ["email","openid","https://www.googleapis.com/auth/cloudplatformprojects.readonly","https://www.googleapis.com/auth/firebase","https://www.googleapis.com/auth/cloud-platform"]
[debug] [2024-01-12T21:14:40.630Z] > authorizing via signed-in user (tnyima19@gmail.com)
[info] 
     ######## #### ########  ######## ########     ###     ######  ########
     ##        ##  ##     ## ##       ##     ##  ##   ##  ##       ##
     ######    ##  ########  ######   ########  #########  ######  ######
     ##        ##  ##    ##  ##       ##     ## ##     ##       ## ##
     ##       #### ##     ## ######## ########  ##     ##  ######  ########

You're about to initialize a Firebase project in this directory:

  /home/tenzing/Documents/currProjects/otr

[info] 
=== Project Setup
[info] 
[info] First, let's associate this project directory with a Firebase project.
[info] You can create multiple project aliases by running firebase use --add, 
[info] but for now we'll just set up a default project.
[info] 
[debug] [2024-01-12T21:16:08.689Z] >>> [apiv2][query] GET https://firebase.googleapis.com/v1beta1/projects pageSize=100
[debug] [2024-01-12T21:16:09.031Z] <<< [apiv2][status] GET https://firebase.googleapis.com/v1beta1/projects 200
[debug] [2024-01-12T21:16:09.031Z] <<< [apiv2][body] GET https://firebase.googleapis.com/v1beta1/projects [omitted]
[info] i  Using project hunterexpress-2a6a0 (hunterExpress) 
[info] 
=== Hosting Setup
[debug] [2024-01-12T21:16:14.986Z] >>> [apiv2][query] GET https://firebase.googleapis.com/v1beta1/projects/hunterexpress-2a6a0 [none]
[debug] [2024-01-12T21:16:15.294Z] <<< [apiv2][status] GET https://firebase.googleapis.com/v1beta1/projects/hunterexpress-2a6a0 200
[debug] [2024-01-12T21:16:15.294Z] <<< [apiv2][body] GET https://firebase.googleapis.com/v1beta1/projects/hunterexpress-2a6a0 {"projectId":"hunterexpress-2a6a0","projectNumber":"672972011837","displayName":"hunterExpress","name":"projects/hunterexpress-2a6a0","resources":{"hostingSite":"hunterexpress-2a6a0"},"state":"ACTIVE","etag":"1_6936cf80-5cc2-491d-98bd-17eb4a347869"}
[info] 
[info] Your public directory is the folder (relative to your project directory) that
[info] will contain Hosting assets to be uploaded with firebase deploy. If you
[info] have a build process for your assets, use your build's output directory.
[info] 
[debug] [2024-01-12T21:17:15.834Z] >>> [apiv2][query] GET https://www.gstatic.com/firebasejs/releases.json [none]
[debug] [2024-01-12T21:17:15.922Z] <<< [apiv2][status] GET https://www.gstatic.com/firebasejs/releases.json 200
[debug] [2024-01-12T21:17:15.922Z] <<< [apiv2][body] GET https://www.gstatic.com/firebasejs/releases.json {"current":{"version":"10.7.1","browserURL":"https://www.gstatic.com/firebasejs/10.7.1/firebase.js","packageURL":"https://www.gstatic.com/firebasejs/10.7.1/firebase.tgz"},"live":{"version":"10.7","browserURL":"https://www.gstatic.com/firebasejs/live/10.7/firebase.js","packageURL":"https://www.gstatic.com/firebasejs/live/10.7/firebase.tgz"},"components":{"analytics":"https://www.gstatic.com/firebasejs/10.7.1/firebase-analytics.js","app":"https://www.gstatic.com/firebasejs/10.7.1/firebase-app.js","app-check":"https://www.gstatic.com/firebasejs/10.7.1/firebase-app-check.js","auth":"https://www.gstatic.com/firebasejs/10.7.1/firebase-auth.js","auth/cordova":"https://www.gstatic.com/firebasejs/10.7.1/firebase-auth/cordova.js","functions":"https://www.gstatic.com/firebasejs/10.7.1/firebase-functions.js","firestore":"https://www.gstatic.com/firebasejs/10.7.1/firebase-firestore.js","firestore/lite":"https://www.gstatic.com/firebasejs/10.7.1/firebase-firestore/lite.js","installations":"https://www.gstatic.com/firebasejs/10.7.1/firebase-installations.js","storage":"https://www.gstatic.com/firebasejs/10.7.1/firebase-storage.js","performance":"https://www.gstatic.com/firebasejs/10.7.1/firebase-performance.js","remote-config":"https://www.gstatic.com/firebasejs/10.7.1/firebase-remote-config.js","messaging":"https://www.gstatic.com/firebasejs/10.7.1/firebase-messaging.js","messaging/sw":"https://www.gstatic.com/firebasejs/10.7.1/firebase-messaging/sw.js","database":"https://www.gstatic.com/firebasejs/10.7.1/firebase-database.js","firestore.memory":"https://www.gstatic.com/firebasejs/10.7.1/firebase-firestore.memory.js"}}
[info] ✔  Wrote build/index.html 
[info] 
[info] i  Detected a .git folder at /home/tenzing/Documents/currProjects/otr 
[info] i  Authorizing with GitHub to upload your service account to a GitHub repository's secrets store. 
[info] 
[info] Visit this URL on this device to log in:
[info] https://github.com/login/oauth/authorize?client_id=89cf50f02ac6aaed3484&state=983645220&redirect_uri=http%3A%2F%2Flocalhost%3A9005&scope=read%3Auser%20repo%20public_repo
[info] 
[info] Waiting for authentication...
[debug] [2024-01-12T21:17:40.285Z] >>> [apiv2][query] POST https://github.com/login/oauth/access_token [none]
[debug] [2024-01-12T21:17:40.285Z] >>> [apiv2][body] POST https://github.com/login/oauth/access_token [stream]
[debug] [2024-01-12T21:17:40.495Z] <<< [apiv2][status] POST https://github.com/login/oauth/access_token 200
[debug] [2024-01-12T21:17:40.495Z] <<< [apiv2][body] POST https://github.com/login/oauth/access_token {"access_token":"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","token_type":"bearer","scope":"read:user,repo"}
[debug] [2024-01-12T21:17:40.497Z] >>> [apiv2][query] GET https://api.github.com/user [none]
[debug] [2024-01-12T21:17:40.698Z] <<< [apiv2][status] GET https://api.github.com/user 200
[debug] [2024-01-12T21:17:40.698Z] <<< [apiv2][body] GET https://api.github.com/user {"login":"tnyima19","id":66368294,"node_id":"MDQ6VXNlcjY2MzY4Mjk0","avatar_url":"https://avatars.githubusercontent.com/u/66368294?v=4","gravatar_id":"","url":"https://api.github.com/users/tnyima19","html_url":"https://github.com/tnyima19","followers_url":"https://api.github.com/users/tnyima19/followers","following_url":"https://api.github.com/users/tnyima19/following{/other_user}","gists_url":"https://api.github.com/users/tnyima19/gists{/gist_id}","starred_url":"https://api.github.com/users/tnyima19/starred{/owner}{/repo}","subscriptions_url":"https://api.github.com/users/tnyima19/subscriptions","organizations_url":"https://api.github.com/users/tnyima19/orgs","repos_url":"https://api.github.com/users/tnyima19/repos","events_url":"https://api.github.com/users/tnyima19/events{/privacy}","received_events_url":"https://api.github.com/users/tnyima19/received_events","type":"User","site_admin":false,"name":"Tenzing Nyima","company":null,"blog":"","location":null,"email":null,"hireable":null,"bio":null,"twitter_username":null,"public_repos":76,"public_gists":1,"followers":2,"following":1,"created_at":"2020-06-03T12:34:04Z","updated_at":"2023-11-22T22:23:02Z","private_gists":5,"total_private_repos":0,"owned_private_repos":0,"disk_usage":168311,"collaborators":0,"two_factor_authentication":false,"plan":{"name":"free","space":976562499,"collaborators":0,"private_repos":10000}}
[info] 
[info] ✔  Success! Logged into GitHub as tnyima19 
[info] 
